//[ - 1.0 ]  * Sum ( h3 )                * f ( h2 h3 )       * y ( h3 p1 )
( - 1.0 )    *  Fij["jk"]                * Lai["ka"]
//[ + 1.0 ]  * Sum ( p3 )                * f ( p3 p1 )       * y ( h2 p3 )
( + 1.0 )    *  Fab["ca"]                * Lai["jc"]
//[ - 1.0 ]  * Sum ( p3 h4 )             * v ( h2 p3 h4 p1 ) * y ( h4 p3 )
( - 1.0 )    *  Vabij["jcla"]            * Lai["lc"]
//[ + 1.0 ]  * Sum ( p3 h4 )             * f ( p3 h4 )       * y ( h4 h2 p3 p1 )
//( + 1.0 )  *  Fai["cl"]                * Labij["ljca"]
//[ - 0.5 ]  * Sum ( p3 h4 h5 )          * v ( h2 p3 h4 h5 ) * y ( h5 h4 p3 p1 )
( - 0.5 )    *  Vabij["jclm"]            * Labij["mlca"]
//[ - 0.5 ]  * Sum ( p3 p4 h5 )          * v ( p3 p4 h5 p1 ) * y ( h5 h2 p4 p3 )
( - 0.5 )    *  Vabij["cdma"]            * Labij["mjdc"]
//[ - 1.0 ]  * Sum ( p3 h4 )             * f ( h2 p3 )       * t ( p3 h4 )       * y ( h4 p1 )
//( - 1.0 )  *  Fai["jc"]                * Tai["cl"]         * Lai["la"]
//[ - 1.0 ]  * Sum ( h3 p4 )             * f ( h3 p1 )       * t ( p4 h3 )       * y ( h2 p4 )
//( - 1.0 )  *  Fai["ka"]                * Tai["dk"]         * Lai["jd"]
//[ - 1.0 ]  * Sum ( p3 h4 h5 )          * t ( p3 h4 )       * v ( h4 h2 h5 p1 ) * y ( h5 p3 )
( - 1.0 )    *  Tai["cl"]                * Vabij["ljma"]     * Lai["mc"]
//[ + 1.0 ]  * Sum ( p3 h4 h5 )          * t ( p3 h4 )       * v ( h4 h2 h5 p3 ) * y ( h5 p1 )
( + 1.0 )    *  Tai["cl"]                * Vabij["ljmc"]     * Lai["ma"]
//[ - 1.0 ]  * Sum ( p3 h4 p5 )          * t ( p3 h4 )       * v ( h2 p5 p3 p1 ) * y ( h4 p5 )
( - 1.0 )    *  Tai["cl"]                * Vabij["jeca"]     * Lai["le"]
//[ + 1.0 ]  * Sum ( p3 h4 p5 )          * t ( p3 h4 )       * v ( h4 p5 p3 p1 ) * y ( h2 p5 )
( + 1.0 )    *  Tai["cl"]                * Vabij["leca"]     * Lai["je"]
//[ - 1.0 ]  * Sum ( h3 h4 p5 )          * f ( h3 h4 )       * t ( p5 h3 )       * y ( h4 h2 p5 p1 )
( - 1.0 )    *  Fij["kl"]                * Tai["ek"]         * Labij["ljea"]
//[ + 1.0 ]  * Sum ( p3 p4 h5 )          * f ( p3 p4 )       * t ( p4 h5 )       * y ( h5 h2 p3 p1 )
( + 1.0 )    *  Fab["cd"]                * Tai["dm"]         * Labij["mjca"]
//[ - 0.5 ]  * Sum ( p3 h4 h5 h6 )       * t ( p3 h4 )       * v ( h4 h2 h5 h6 ) * y ( h6 h5 p3 p1 )
( - 0.5 )    *  Tai["cl"]                * Vabij["ljmn"]     * Labij["nmca"]
//[ + 1.0 ]  * Sum ( p3 h4 p5 h6 )       * t ( p3 h4 )       * v ( h2 p5 h6 p3 ) * y ( h6 h4 p5 p1 )
( + 1.0 )    *  Tai["cl"]                * Vabij["jenc"]     * Labij["nlea"]
//[ + 1.0 ]  * Sum ( p3 h4 p5 h6 )       * t ( p3 h4 )       * v ( h4 p5 h6 p1 ) * y ( h6 h2 p5 p3 )
( + 1.0 )    *  Tai["cl"]                * Vabij["lena"]     * Labij["njec"]
//[ - 1.0 ]  * Sum ( p3 h4 p5 h6 )       * t ( p3 h4 )       * v ( h4 p5 h6 p3 ) * y ( h6 h2 p5 p1 )
( - 1.0 )    *  Tai["cl"]                * Vabij["lenc"]     * Labij["njea"]
//[ - 0.5 ]  * Sum ( p3 h4 p5 p6 )       * t ( p3 h4 )       * v ( p5 p6 p3 p1 ) * y ( h4 h2 p6 p5 )
( - 0.5 )    *  Tai["cl"]                * Vabij["efca"]     * Labij["ljfe"]
//[ + 1.0 ]  * Sum ( p3 p4 h5 h6 )       * t ( p3 p4 h5 h6 ) * v ( h6 h2 p4 p1 ) * y ( h5 p3 )
( + 1.0 )    *  Tabij["cdmn"]            * Vabij["njda"]     * Lai["mc"]
//[ + 0.5 ]  * Sum ( p3 p4 h5 h6 )       * t ( p3 p4 h5 h6 ) * v ( h6 h2 p3 p4 ) * y ( h5 p1 )
( + 0.5 )    *  Tabij["cdmn"]            * Vabij["njcd"]     * Lai["ma"]
//[ + 0.5 ]  * Sum ( p3 p4 h5 h6 )       * t ( p3 p4 h5 h6 ) * v ( h5 h6 p4 p1 ) * y ( h2 p3 )
( + 0.5 )    *  Tabij["cdmn"]            * Vabij["mnda"]     * Lai["jc"]
//[ + 0.5 ]  * Sum ( p3 p4 h5 h6 )       * f ( h2 p3 )       * t ( p4 p3 h5 h6 ) * y ( h6 h5 p4 p1 )
//( + 0.5 )  *  Fai["jc"]                * Tabij["dcmn"]     * Labij["nmda"]
//[ + 0.5 ]  * Sum ( h3 p4 p5 h6 )       * f ( h3 p1 )       * t ( p4 p5 h6 h3 ) * y ( h6 h2 p5 p4 )
//( + 0.5 )  *  Fai["ka"]                * Tabij["denk"]     * Labij["njed"]
//[ + 1.0 ]  * Sum ( h3 p4 p5 h6 )       * f ( h3 p4 )       * t ( p5 p4 h6 h3 ) * y ( h6 h2 p5 p1 )
//( + 1.0 )  *  Fai["kd"]                * Tabij["ednk"]     * Labij["njea"]
//[ - 0.5 ]  * Sum ( p3 p4 h5 h6 h7 )    * t ( p3 p4 h5 h6 ) * v ( h6 h2 h7 p1 ) * y ( h7 h5 p4 p3 )
( - 0.5 )    *  Tabij["cdmn"]            * Vabij["njoa"]     * Labij["omdc"]
//[ - 1.0 ]  * Sum ( p3 p4 h5 h6 h7 )    * t ( p3 p4 h5 h6 ) * v ( h6 h2 h7 p4 ) * y ( h7 h5 p3 p1 )
( - 1.0 )    *  Tabij["cdmn"]            * Vabij["njod"]     * Labij["omca"]
//[ - 0.25 ] * Sum ( p3 p4 h5 h6 h7 )    * t ( p3 p4 h5 h6 ) * v ( h5 h6 h7 p1 ) * y ( h7 h2 p4 p3 )
( - 0.25 )   *  Tabij["cdmn"]            * Vabij["mnoa"]     * Labij["ojdc"]
//[ - 0.5 ]  * Sum ( p3 p4 h5 h6 h7 )    * t ( p3 p4 h5 h6 ) * v ( h5 h6 h7 p4 ) * y ( h7 h2 p3 p1 )
( - 0.5 )    *  Tabij["cdmn"]            * Vabij["mnod"]     * Labij["ojca"]
//[ - 0.5 ]  * Sum ( p3 p4 h5 h6 p7 )    * t ( p3 p4 h5 h6 ) * v ( h2 p7 p4 p1 ) * y ( h6 h5 p7 p3 )
( - 0.5 )    *  Tabij["cdmn"]            * Vabij["jgda"]     * Labij["nmgc"]
//[ - 0.25 ] * Sum ( p3 p4 h5 h6 p7 )    * t ( p3 p4 h5 h6 ) * v ( h2 p7 p3 p4 ) * y ( h6 h5 p7 p1 )
( - 0.25 )   *  Tabij["cdmn"]            * Vabij["jgcd"]     * Labij["nmga"]
//[ - 1.0 ]  * Sum ( p3 p4 h5 h6 p7 )    * t ( p3 p4 h5 h6 ) * v ( h6 p7 p4 p1 ) * y ( h5 h2 p7 p3 )
( - 1.0 )    *  Tabij["cdmn"]            * Vabij["ngda"]     * Labij["mjgc"]
//[ - 0.5 ]  * Sum ( p3 p4 h5 h6 p7 )    * t ( p3 p4 h5 h6 ) * v ( h6 p7 p3 p4 ) * y ( h5 h2 p7 p1 )
( - 0.5 )    *  Tabij["cdmn"]            * Vabij["ngcd"]     * Labij["mjga"]
//[ - 1.0 ]  * Sum ( p3 h4 p5 h6 )       * t ( p3 h4 )       * t ( p5 h6 )       * v ( h6 h2 p3 p1 ) * y ( h4 p5 )
( - 1.0 )    *  Tai["cl"]                * Tai["en"]         * Vabij["njca"]     * Lai["le"]
//[ - 1.0 ]  * Sum ( p3 h4 p5 h6 )       * t ( p3 h4 )       * t ( p5 h6 )       * v ( h6 h2 p5 p3 ) * y ( h4 p1 )
( - 1.0 )    *  Tai["cl"]                * Tai["en"]         * Vabij["njec"]     * Lai["la"]
//[ - 1.0 ]  * Sum ( p3 h4 p5 h6 )       * t ( p3 h4 )       * t ( p5 h6 )       * v ( h6 h4 p5 p1 ) * y ( h2 p3 )
( - 1.0 )    *  Tai["cl"]                * Tai["en"]         * Vabij["nlea"]     * Lai["jc"]
//[ - 1.0 ]  * Sum ( p3 h4 p5 h6 )       * t ( p3 h4 )       * t ( p5 h6 )       * f ( h6 p3 )       * y ( h4 h2 p5 p1 )
//( - 1.0 )  *  Tai["cl"]                * Tai["en"]         * Fai["nc"]         * Labij["ljea"]
//[ + 1.0 ]  * Sum ( p3 h4 p5 h6 h7 )    * t ( p3 h4 )       * t ( p5 h6 )       * v ( h6 h2 h7 p3 ) * y ( h7 h4 p5 p1 )
( + 1.0 )    *  Tai["cl"]                * Tai["en"]         * Vabij["njoc"]     * Labij["olea"]
//[ + 0.5 ]  * Sum ( p3 h4 p5 h6 h7 )    * t ( p3 h4 )       * t ( p5 h6 )       * v ( h6 h4 h7 p1 ) * y ( h7 h2 p5 p3 )
( + 0.5 )    *  Tai["cl"]                * Tai["en"]         * Vabij["nloa"]     * Labij["ojec"]
//[ + 1.0 ]  * Sum ( p3 h4 p5 h6 h7 )    * t ( p3 h4 )       * t ( p5 h6 )       * v ( h6 h4 h7 p5 ) * y ( h7 h2 p3 p1 )
( + 1.0 )    *  Tai["cl"]                * Tai["en"]         * Vabij["nloe"]     * Labij["ojca"]
//[ + 0.5 ]  * Sum ( p3 h4 p5 h6 p7 )    * t ( p3 h4 )       * t ( p5 h6 )       * v ( h2 p7 p5 p3 ) * y ( h6 h4 p7 p1 )
( + 0.5 )    *  Tai["cl"]                * Tai["en"]         * Vabij["jgec"]     * Labij["nlga"]
//[ + 1.0 ]  * Sum ( p3 h4 p5 h6 p7 )    * t ( p3 h4 )       * t ( p5 h6 )       * v ( h6 p7 p3 p1 ) * y ( h4 h2 p7 p5 )
( + 1.0 )    *  Tai["cl"]                * Tai["en"]         * Vabij["ngca"]     * Labij["ljge"]
//[ + 1.0 ]  * Sum ( p3 h4 p5 h6 p7 )    * t ( p3 h4 )       * t ( p5 h6 )       * v ( h6 p7 p5 p3 ) * y ( h4 h2 p7 p1 )
( + 1.0 )    *  Tai["cl"]                * Tai["en"]         * Vabij["ngec"]     * Labij["ljga"]
//[ - 0.5 ]  * Sum ( p3 p4 h5 h6 p7 h8 ) * t ( p3 p4 h5 h6 ) * t ( p7 h8 )       * v ( h6 h2 p7 p1 ) * y ( h8 h5 p4 p3 )
( - 0.5 )    *  Tabij["cdmn"]            * Tai["gp"]         * Vabij["njga"]     * Labij["pmdc"]
//[ - 1.0 ]  * Sum ( p3 p4 h5 h6 p7 h8 ) * t ( p3 p4 h5 h6 ) * t ( p7 h8 )       * v ( h6 h2 p7 p4 ) * y ( h8 h5 p3 p1 )
( - 1.0 )    *  Tabij["cdmn"]            * Tai["gp"]         * Vabij["njgd"]     * Labij["pmca"]
//[ - 0.25 ] * Sum ( p3 p4 h5 h6 p7 h8 ) * t ( p3 p4 h5 h6 ) * t ( p7 h8 )       * v ( h5 h6 p7 p1 ) * y ( h8 h2 p4 p3 )
( - 0.25 )   *  Tabij["cdmn"]            * Tai["gp"]         * Vabij["mnga"]     * Labij["pjdc"]
//[ - 0.5 ]  * Sum ( p3 p4 h5 h6 p7 h8 ) * t ( p3 p4 h5 h6 ) * t ( p7 h8 )       * v ( h5 h6 p7 p4 ) * y ( h8 h2 p3 p1 )
( - 0.5 )    *  Tabij["cdmn"]            * Tai["gp"]         * Vabij["mngd"]     * Labij["pjca"]
//[ - 0.5 ]  * Sum ( p3 p4 h5 h6 p7 h8 ) * t ( p3 p4 h5 h6 ) * t ( p7 h8 )       * v ( h8 h2 p4 p1 ) * y ( h6 h5 p7 p3 )
( - 0.5 )    *  Tabij["cdmn"]            * Tai["gp"]         * Vabij["pjda"]     * Labij["nmgc"]
//[ - 0.25 ] * Sum ( p3 p4 h5 h6 p7 h8 ) * t ( p3 p4 h5 h6 ) * t ( p7 h8 )       * v ( h8 h2 p3 p4 ) * y ( h6 h5 p7 p1 )
( - 0.25 )   *  Tabij["cdmn"]            * Tai["gp"]         * Vabij["pjcd"]     * Labij["nmga"]
//[ + 0.5 ]  * Sum ( p3 p4 h5 h6 p7 h8 ) * t ( p3 p4 h5 h6 ) * t ( p7 h8 )       * v ( h8 h2 p7 p4 ) * y ( h6 h5 p3 p1 )
( + 0.5 )    *  Tabij["cdmn"]            * Tai["gp"]         * Vabij["pjgd"]     * Labij["nmca"]
//[ - 1.0 ]  * Sum ( p3 p4 h5 h6 p7 h8 ) * t ( p3 p4 h5 h6 ) * t ( p7 h8 )       * v ( h8 h6 p4 p1 ) * y ( h5 h2 p7 p3 )
( - 1.0 )    *  Tabij["cdmn"]            * Tai["gp"]         * Vabij["pnda"]     * Labij["mjgc"]
//[ - 0.5 ]  * Sum ( p3 p4 h5 h6 p7 h8 ) * t ( p3 p4 h5 h6 ) * t ( p7 h8 )       * v ( h8 h6 p3 p4 ) * y ( h5 h2 p7 p1 )
( - 0.5 )    *  Tabij["cdmn"]            * Tai["gp"]         * Vabij["pncd"]     * Labij["mjga"]
//[ + 0.5 ]  * Sum ( p3 p4 h5 h6 p7 h8 ) * t ( p3 p4 h5 h6 ) * t ( p7 h8 )       * v ( h8 h6 p7 p1 ) * y ( h5 h2 p4 p3 )
( + 0.5 )    *  Tabij["cdmn"]            * Tai["gp"]         * Vabij["pnga"]     * Labij["mjdc"]
//[ + 1.0 ]  * Sum ( p3 p4 h5 h6 p7 h8 ) * t ( p3 p4 h5 h6 ) * t ( p7 h8 )       * v ( h8 h6 p7 p4 ) * y ( h5 h2 p3 p1 )
( + 1.0 )    *  Tabij["cdmn"]            * Tai["gp"]         * Vabij["pngd"]     * Labij["mjca"]
//[ + 0.5 ]  * Sum ( p3 h4 p5 h6 p7 h8 ) * t ( p3 h4 )       * t ( p5 h6 )       * t ( p7 h8 )       * v ( h8 h2 p5 p3 ) * y ( h6 h4 p7 p1 )
( + 0.5 )    *  Tai["cl"]                * Tai["en"]         * Tai["gp"]         * Vabij["pjec"]     * Labij["nlga"]
//[ + 0.5 ]  * Sum ( p3 h4 p5 h6 p7 h8 ) * t ( p3 h4 )       * t ( p5 h6 )       * t ( p7 h8 )       * v ( h8 h6 p3 p1 ) * y ( h4 h2 p7 p5 )
( + 0.5 )    *  Tai["cl"]                * Tai["en"]         * Tai["gp"]         * Vabij["pnca"]     * Labij["ljge"]
//[ - 1.0 ]  * Sum ( p3 h4 p5 h6 p7 h8 ) * t ( p3 h4 )       * t ( p5 h6 )       * t ( p7 h8 )       * v ( h8 h6 p7 p3 ) * y ( h4 h2 p5 p1 )
( - 1.0 )    *  Tai["cl"]                * Tai["en"]         * Tai["gp"]         * Vabij["pngc"]     * Labij["ljea"]
