//[ - 1.0 + 1.0 * P( h3 h4 p2 p1 => h3 h4 p1 p2 ) + 1.0 * P( h3 h4 p2 p1 => h4 h3 p2 p1 ) - 1.0 * P( h3 h4 p2 p1 => h4 h3 p1 p2 ) ] * f ( h3 p2 )         * y ( h4 p1 )
//( - 1.0 + 1.0 * P("klba", "klab") + 1.0               * P("klba", "lkba") - 1.0               * P("klba", "lkab") )               * Fai["kb"]           * Lai["la"]
//[ - 1.0 + 1.0 * P( h3 h4 p2 p1 => h3 h4 p1 p2 ) ]     * Sum ( h5 )                            * v ( h3 h4 h5 p2 )                 * y ( h5 p1 )
( - 1.0 + 1.0   * P("klba", "klab") )                   *  Vijka["klmb"]                        * Lai["ma"]
//[ + 1.0 - 1.0 * P( h3 h4 p1 p2 => h4 h3 p1 p2 ) ]     * Sum ( p5 )                            * v ( h3 p5 p1 p2 )                 * y ( h4 p5 )
( + 1.0 - 1.0   * P("klab", "lkab") )                   *  Viabc["keab"]                        * Lai["le"]
//[ - 1.0 + 1.0 * P( h3 h4 p1 p2 => h4 h3 p1 p2 ) ]     * Sum ( h5 )                            * f ( h3 h5 )                       * y ( h5 h4 p1 p2 )
( - 1.0 + 1.0   * P("klab", "lkab") )                   *  Fij["km"]                            * Labij["mlab"]
//[ - 1.0 + 1.0 * P( h3 h4 p2 p1 => h3 h4 p1 p2 ) ]     * Sum ( p5 )                            * f ( p5 p2 )                       * y ( h3 h4 p5 p1 )
( - 1.0 + 1.0   * P("klba", "klab") )                   *  Fab["eb"]                            * Labij["klea"]
//[ - 0.5 ]     * Sum ( h5 h6 )                         * v ( h3 h4 h5 h6 )                     * y ( h6 h5 p1 p2 )
( - 0.5 )       *  Vabij["klmn"]                        * Labij["nmab"]
//[ + 1.0 - 1.0 * P( h3 h4 p2 p1 => h3 h4 p1 p2 ) - 1.0 * P( h3 h4 p2 p1 => h4 h3 p2 p1 ) + 1.0 * P( h3 h4 p2 p1 => h4 h3 p1 p2 ) ] * Sum ( p5 h6 )       * v ( h3 p5 h6 p2 ) * y ( h6 h4 p5 p1 )
( + 1.0 - 1.0   * P("klba", "klab") - 1.0               * P("klba", "lkba") + 1.0               * P("klba", "lkab") )               *  Viajb["kenb"]      * Labij["nlea"]
//[ - 0.5 ]     * Sum ( p5 p6 )                         * v ( p5 p6 p1 p2 )                     * y ( h3 h4 p6 p5 )
( - 0.5 )       *  Vabcd["efab"]                        * Labij["klfe"]
//[ - 1.0 + 1.0 * P( h3 h4 p2 p1 => h3 h4 p1 p2 ) ]     * Sum ( p5 h6 )                         * t ( p5 h6 )                       * v ( h3 h4 p5 p2 )   * y ( h6 p1 )
( - 1.0 + 1.0   * P("klba", "klab") )                   *  Tai["en"]                            * Vijab["kleb"]                     * Lai["na"]
//[ + 1.0 - 1.0 * P( h3 h4 p1 p2 => h4 h3 p1 p2 ) ]     * Sum ( p5 h6 )                         * t ( p5 h6 )                       * v ( h6 h3 p1 p2 )   * y ( h4 p5 )
( + 1.0 - 1.0   * P("klab", "lkab") )                   *  Tai["en"]                            * Vijab["nkab"]                     * Lai["le"]
//[ - 1.0 + 1.0 * P( h3 h4 p2 p1 => h3 h4 p1 p2 ) + 1.0 * P( h3 h4 p2 p1 => h4 h3 p2 p1 ) - 1.0 * P( h3 h4 p2 p1 => h4 h3 p1 p2 ) ] * Sum ( p5 h6 )       * t ( p5 h6 )       * v ( h6 h3 p5 p2 ) * y ( h4 p1 )
( - 1.0 + 1.0   * P("klba", "klab") + 1.0               * P("klba", "lkba") - 1.0               * P("klba", "lkab") )               *  Tai["en"]          * Vijab["nkeb"]     * Lai["la"]
//[ - 1.0 + 1.0 * P( h3 h4 p1 p2 => h4 h3 p1 p2 ) ]     * Sum ( p5 h6 )                         * f ( h3 p5 )                       * t ( p5 h6 )         * y ( h6 h4 p1 p2 )
//( - 1.0 + 1.0 * P("klab", "lkab") )                   *  Fai["ke"]                            * Tai["en"]                         * Labij["nlab"]
//[ + 1.0 - 1.0 * P( h3 h4 p2 p1 => h3 h4 p1 p2 ) ]     * Sum ( h5 p6 )                         * f ( h5 p2 )                       * t ( p6 h5 )         * y ( h3 h4 p6 p1 )
//( + 1.0 - 1.0 * P("klba", "klab") )                   *  Fai["mb"]                            * Tai["fm"]                         * Labij["klfa"]
//[ + 1.0 ]     * Sum ( p5 h6 h7 )                      * t ( p5 h6 )                           * v ( h3 h4 h7 p5 )                 * y ( h7 h6 p1 p2 )
( + 1.0 )       *  Tai["en"]                            * Vijka["kloe"]                         * Labij["onab"]
//[ + 1.0 - 1.0 * P( h3 h4 p2 p1 => h3 h4 p1 p2 ) - 1.0 * P( h3 h4 p2 p1 => h4 h3 p2 p1 ) + 1.0 * P( h3 h4 p2 p1 => h4 h3 p1 p2 ) ] * Sum ( p5 h6 h7 )    * t ( p5 h6 )       * v ( h6 h3 h7 p2 ) * y ( h7 h4 p5 p1 )
( + 1.0 - 1.0   * P("klba", "klab") - 1.0               * P("klba", "lkba") + 1.0               * P("klba", "lkab") )               *  Tai["en"]          * Vijka["nkob"]     * Labij["olea"]
//[ + 1.0 - 1.0 * P( h3 h4 p1 p2 => h4 h3 p1 p2 ) ]     * Sum ( p5 h6 h7 )                      * t ( p5 h6 )                       * v ( h6 h3 h7 p5 )   * y ( h7 h4 p1 p2 )
( + 1.0 - 1.0   * P("klab", "lkab") )                   *  Tai["en"]                            * Vijka["nkoe"]                     * Labij["olab"]
//[ + 1.0 - 1.0 * P( h3 h4 p2 p1 => h3 h4 p1 p2 ) - 1.0 * P( h3 h4 p2 p1 => h4 h3 p2 p1 ) + 1.0 * P( h3 h4 p2 p1 => h4 h3 p1 p2 ) ] * Sum ( p5 h6 p7 )    * t ( p5 h6 )       * v ( h3 p7 p5 p2 ) * y ( h6 h4 p7 p1 )
( + 1.0 - 1.0   * P("klba", "klab") - 1.0               * P("klba", "lkba") + 1.0               * P("klba", "lkab") )               *  Tai["en"]          * Viabc["kgeb"]     * Labij["nlga"]
//[ + 1.0 ]     * Sum ( p5 h6 p7 )                      * t ( p5 h6 )                           * v ( h6 p7 p1 p2 )                 * y ( h3 h4 p7 p5 )
( + 1.0 )       *  Tai["en"]                            * Viabc["ngab"]                         * Labij["klge"]
//[ - 1.0 + 1.0 * P( h3 h4 p2 p1 => h3 h4 p1 p2 ) ]     * Sum ( p5 h6 p7 )                      * t ( p5 h6 )                       * v ( h6 p7 p5 p2 )   * y ( h3 h4 p7 p1 )
( - 1.0 + 1.0   * P("klba", "klab") )                   *  Tai["en"]                            * Viabc["ngeb"]                     * Labij["klga"]
//[ + 0.5 - 0.5 * P( h3 h4 p2 p1 => h3 h4 p1 p2 ) ]     * Sum ( p5 p6 h7 h8 )                   * t ( p5 p6 h7 h8 )                 * v ( h3 h4 p6 p2 )   * y ( h8 h7 p5 p1 )
( + 0.5 - 0.5   * P("klba", "klab") )                   *  Tabij["efop"]                        * Vijab["klfb"]                     * Labij["poea"]
//[ - 0.25 ]    * Sum ( p5 p6 h7 h8 )                   * t ( p5 p6 h7 h8 )                     * v ( h3 h4 p5 p6 )                 * y ( h8 h7 p1 p2 )
( - 0.25 )      *  Tabij["efop"]                        * Vijab["klef"]                         * Labij["poab"]
//[ - 0.5 + 0.5 * P( h3 h4 p1 p2 => h4 h3 p1 p2 ) ]     * Sum ( p5 p6 h7 h8 )                   * t ( p5 p6 h7 h8 )                 * v ( h8 h3 p1 p2 )   * y ( h7 h4 p6 p5 )
( - 0.5 + 0.5   * P("klab", "lkab") )                   *  Tabij["efop"]                        * Vijab["pkab"]                     * Labij["olfe"]
//[ - 1.0 + 1.0 * P( h3 h4 p2 p1 => h3 h4 p1 p2 ) + 1.0 * P( h3 h4 p2 p1 => h4 h3 p2 p1 ) - 1.0 * P( h3 h4 p2 p1 => h4 h3 p1 p2 ) ] * Sum ( p5 p6 h7 h8 ) * t ( p5 p6 h7 h8 ) * v ( h8 h3 p6 p2 ) * y ( h7 h4 p5 p1 )
( - 1.0 + 1.0   * P("klba", "klab") + 1.0               * P("klba", "lkba") - 1.0               * P("klba", "lkab") )               *  Tabij["efop"]      * Vijab["pkfb"]     * Labij["olea"]
//[ + 0.5 - 0.5 * P( h3 h4 p1 p2 => h4 h3 p1 p2 ) ]     * Sum ( p5 p6 h7 h8 )                   * t ( p5 p6 h7 h8 )                 * v ( h8 h3 p5 p6 )   * y ( h7 h4 p1 p2 )
( + 0.5 - 0.5   * P("klab", "lkab") )                   *  Tabij["efop"]                        * Vijab["pkef"]                     * Labij["olab"]
//[ - 0.25 ]    * Sum ( p5 p6 h7 h8 )                   * t ( p5 p6 h7 h8 )                     * v ( h7 h8 p1 p2 )                 * y ( h3 h4 p6 p5 )
( - 0.25 )      *  Tabij["efop"]                        * Vijab["opab"]                         * Labij["klfe"]
//[ - 0.5 + 0.5 * P( h3 h4 p2 p1 => h3 h4 p1 p2 ) ]     * Sum ( p5 p6 h7 h8 )                   * t ( p5 p6 h7 h8 )                 * v ( h7 h8 p6 p2 )   * y ( h3 h4 p5 p1 )
( - 0.5 + 0.5   * P("klba", "klab") )                   *  Tabij["efop"]                        * Vijab["opfb"]                     * Labij["klea"]
//[ + 0.5 ]     * Sum ( p5 h6 p7 h8 )                   * t ( p5 h6 )                           * t ( p7 h8 )                       * v ( h3 h4 p7 p5 )   * y ( h8 h6 p1 p2 )
( + 0.5 )       *  Tai["en"]                            * Tai["gp"]                             * Vijab["klge"]                     * Labij["pnab"]
//[ + 1.0 - 1.0 * P( h3 h4 p2 p1 => h3 h4 p1 p2 ) - 1.0 * P( h3 h4 p2 p1 => h4 h3 p2 p1 ) + 1.0 * P( h3 h4 p2 p1 => h4 h3 p1 p2 ) ] * Sum ( p5 h6 p7 h8 ) * t ( p5 h6 )       * t ( p7 h8 )       * v ( h8 h3 p5 p2 ) * y ( h6 h4 p7 p1 )
( + 1.0 - 1.0   * P("klba", "klab") - 1.0               * P("klba", "lkba") + 1.0               * P("klba", "lkab") )               *  Tai["en"]          * Tai["gp"]         * Vijab["pkeb"]     * Labij["nlga"]
//[ - 1.0 + 1.0 * P( h3 h4 p1 p2 => h4 h3 p1 p2 ) ]     * Sum ( p5 h6 p7 h8 )                   * t ( p5 h6 )                       * t ( p7 h8 )         * v ( h8 h3 p7 p5 ) * y ( h6 h4 p1 p2 )
( - 1.0 + 1.0   * P("klab", "lkab") )                   *  Tai["en"]                            * Tai["gp"]                         * Vijab["pkge"]       * Labij["nlab"]
//[ + 0.5 ]     * Sum ( p5 h6 p7 h8 )                   * t ( p5 h6 )                           * t ( p7 h8 )                       * v ( h8 h6 p1 p2 )   * y ( h3 h4 p7 p5 )
( + 0.5 )       *  Tai["en"]                            * Tai["gp"]                             * Vijab["pnab"]                     * Labij["klge"]
//[ + 1.0 - 1.0 * P( h3 h4 p2 p1 => h3 h4 p1 p2 ) ]     * Sum ( p5 h6 p7 h8 )                   * t ( p5 h6 )                       * t ( p7 h8 )         * v ( h8 h6 p7 p2 ) * y ( h3 h4 p5 p1 )
( + 1.0 - 1.0   * P("klba", "klab") )                   *  Tai["en"]                            * Tai["gp"]                         * Vijab["pngb"]       * Labij["klea"]
